# JRE version: OpenJDK Runtime Environment Temurin-21.0.12.1+1 (21.0.12.1+1) (build 21.0.12.1+1-LTS)
# Java VM: OpenJDK 64-Bit Server VM Temurin-21.0.12.1+1 (21.0.12.1+1-LTS, mixed mode, sharing, tiered, compressed oops, compressed class ptrs, g1 gc, windows-amd64)
GC Precious Log:
 CardTable entry size: 512
 Card Set container configuration: InlinePtr #cards 5 size 8 Array Of Cards #cards 12 size 40 Howl #buckets 4 coarsen threshold 1843 Howl Bitmap #cards 512 size 80 coarsen threshold 460 Card regions per heap region 1 cards per card region 2048
 CPUs: 8 total, 8 available
 Memory: 6030M
 Large Page Support: Disabled
 NUMA Support: Disabled
 Compressed Oops: Enabled (32-bit)
 Heap Region Size: 1M
 Heap Min Capacity: 256M
 Heap Initial Capacity: 256M
 Heap Max Capacity: 512M
 Pre-touch: Disabled
 Parallel Workers: 8
 Concurrent Workers: 2
 Concurrent Refinement Workers: 8
 Periodic GC: Disabled
Heap:
 garbage-first heap   total 262144K, used 146897K [0x00000000e0000000, 0x0000000100000000)
  region size 1024K, 113 young (115712K), 9 survivors (9216K)
 Metaspace       used 58828K, committed 61056K, reserved 393216K
  class space    used 8768K, committed 9856K, reserved 327680K
GC Heap History (14 events):
Event: 4.391 GC heap before
{Heap before GC invocations=0 (full 0):
 garbage-first heap   total 262144K, used 26624K [0x00000000e0000000, 0x0000000100000000)
  region size 1024K, 23 young (23552K), 0 survivors (0K)
 Metaspace       used 2511K, committed 2688K, reserved 393216K
  class space    used 283K, committed 384K, reserved 327680K
}
Event: 4.734 GC heap after
{Heap after GC invocations=1 (full 0):
 garbage-first heap   total 262144K, used 11007K [0x00000000e0000000, 0x0000000100000000)
  region size 1024K, 3 young (3072K), 3 survivors (3072K)
 Metaspace       used 2511K, committed 2688K, reserved 393216K
  class space    used 283K, committed 384K, reserved 327680K
}
Event: 6.988 GC heap before
{Heap before GC invocations=1 (full 0):
 garbage-first heap   total 262144K, used 38655K [0x00000000e0000000, 0x0000000100000000)
  region size 1024K, 30 young (30720K), 3 survivors (3072K)
 Metaspace       used 4619K, committed 4800K, reserved 393216K
  class space    used 595K, committed 704K, reserved 327680K
}
Event: 6.994 GC heap after
{Heap after GC invocations=2 (full 0):
 garbage-first heap   total 262144K, used 12479K [0x00000000e0000000, 0x0000000100000000)
  region size 1024K, 2 young (2048K), 2 survivors (2048K)
 Metaspace       used 4619K, committed 4800K, reserved 393216K
  class space    used 595K, committed 704K, reserved 327680K
}
Event: 22.821 GC heap before
{Heap before GC invocations=2 (full 0):
 garbage-first heap   total 262144K, used 130239K [0x00000000e0000000, 0x0000000100000000)
  region size 1024K, 117 young (119808K), 2 survivors (2048K)
 Metaspace       used 20829K, committed 21504K, reserved 393216K
  class space    used 2989K, committed 3328K, reserved 327680K
}
Event: 22.980 GC heap after
{Heap after GC invocations=3 (full 0):
 garbage-first heap   total 262144K, used 24255K [0x00000000e0000000, 0x0000000100000000)
  region size 1024K, 12 young (12288K), 12 survivors (12288K)
 Metaspace       used 20829K, committed 21504K, reserved 393216K
  class space    used 2989K, committed 3328K, reserved 327680K
}
Event: 30.906 GC heap before
{Heap before GC invocations=4 (full 0):
 garbage-first heap   total 262144K, used 124607K [0x00000000e0000000, 0x0000000100000000)
  region size 1024K, 112 young (114688K), 12 survivors (12288K)
 Metaspace       used 34665K, committed 35968K, reserved 393216K
  class space    used 5099K, committed 5760K, reserved 327680K
}
Event: 30.934 GC heap after
{Heap after GC invocations=5 (full 0):
 garbage-first heap   total 262144K, used 31256K [0x00000000e0000000, 0x0000000100000000)
  region size 1024K, 8 young (8192K), 8 survivors (8192K)
 Metaspace       used 34665K, committed 35968K, reserved 393216K
  class space    used 5099K, committed 5760K, reserved 327680K
}
Event: 31.629 GC heap before
{Heap before GC invocations=5 (full 0):
 garbage-first heap   total 262144K, used 33304K [0x00000000e0000000, 0x0000000100000000)
  region size 1024K, 11 young (11264K), 8 survivors (8192K)
 Metaspace       used 34908K, committed 36288K, reserved 393216K
  class space    used 5142K, committed 5824K, reserved 327680K
}
Event: 31.648 GC heap after
{Heap after GC invocations=6 (full 0):
 garbage-first heap   total 262144K, used 31744K [0x00000000e0000000, 0x0000000100000000)
  region size 1024K, 1 young (1024K), 1 survivors (1024K)
 Metaspace       used 34908K, committed 36288K, reserved 393216K
  class space    used 5142K, committed 5824K, reserved 327680K
}
Event: 31.852 GC heap before
{Heap before GC invocations=6 (full 0):
 garbage-first heap   total 262144K, used 33792K [0x00000000e0000000, 0x0000000100000000)
  region size 1024K, 4 young (4096K), 1 survivors (1024K)
 Metaspace       used 35261K, committed 36608K, reserved 393216K
  class space    used 5195K, committed 5824K, reserved 327680K
}
Event: 31.855 GC heap after
{Heap after GC invocations=7 (full 0):
 garbage-first heap   total 262144K, used 31153K [0x00000000e0000000, 0x0000000100000000)
  region size 1024K, 1 young (1024K), 1 survivors (1024K)
 Metaspace       used 35261K, committed 36608K, reserved 393216K
  class space    used 5195K, committed 5824K, reserved 327680K
}
Event: 54.157 GC heap before
{Heap before GC invocations=8 (full 0):
 garbage-first heap   total 262144K, used 186801K [0x00000000e0000000, 0x0000000100000000)
  region size 1024K, 153 young (156672K), 1 survivors (1024K)
 Metaspace       used 50880K, committed 52992K, reserved 393216K
  class space    used 7762K, committed 8768K, reserved 327680K
}
Event: 54.200 GC heap after
{Heap after GC invocations=9 (full 0):
 garbage-first heap   total 262144K, used 39377K [0x00000000e0000000, 0x0000000100000000)
  region size 1024K, 9 young (9216K), 9 survivors (9216K)
 Metaspace       used 50880K, committed 52992K, reserved 393216K
  class space    used 7762K, committed 8768K, reserved 327680K
}

